Jan 09 05:51:12 ip-192-168-0-24 gunicorn[22385]:   File "/home/ubuntu/MyPortfolio/.venv/lib/python3.12/site-packages/gunicorn/workers/base.py", line 147, in load_wsgi
Jan 09 05:51:12 ip-192-168-0-24 gunicorn[22385]:     self.wsgi = self.app.wsgi()
Jan 09 05:51:12 ip-192-168-0-24 gunicorn[22385]:                 ^^^^^^^^^^^^^^^
Jan 09 05:51:12 ip-192-168-0-24 gunicorn[22385]:   File "/home/ubuntu/MyPortfolio/.venv/lib/python3.12/site-packages/gunicorn/app/base.py", line 66, in wsgi
Jan 09 05:51:12 ip-192-168-0-24 gunicorn[22385]:     self.callable = self.load()
Jan 09 05:51:12 ip-192-168-0-24 gunicorn[22385]:                     ^^^^^^^^^^^
Jan 09 05:51:12 ip-192-168-0-24 gunicorn[22385]:   File "/home/ubuntu/MyPortfolio/.venv/lib/python3.12/site-packages/gunicorn/app/wsgiapp.py", line 57, in load
Jan 09 05:51:12 ip-192-168-0-24 gunicorn[22385]:     return self.load_wsgiapp()
Jan 09 05:51:12 ip-192-168-0-24 gunicorn[22385]:            ^^^^^^^^^^^^^^^^^^^
Jan 09 05:51:12 ip-192-168-0-24 gunicorn[22385]:   File "/home/ubuntu/MyPortfolio/.venv/lib/python3.12/site-packages/gunicorn/app/wsgiapp.py", line 47, in load_wsgiapp
Jan 09 05:51:12 ip-192-168-0-24 gunicorn[22385]:     return util.import_app(self.app_uri)
Jan 09 05:51:12 ip-192-168-0-24 gunicorn[22385]:            ^^^^^^^^^^^^^^^^^^^^^^^^^^^^^
Jan 09 05:51:12 ip-192-168-0-24 gunicorn[22385]:   File "/home/ubuntu/MyPortfolio/.venv/lib/python3.12/site-packages/gunicorn/util.py", line 370, in import_app
Jan 09 05:51:12 ip-192-168-0-24 gunicorn[22385]:     mod = importlib.import_module(module)
Jan 09 05:51:12 ip-192-168-0-24 gunicorn[22385]:           ^^^^^^^^^^^^^^^^^^^^^^^^^^^^^^^
Jan 09 05:51:12 ip-192-168-0-24 gunicorn[22385]:   File "/usr/lib/python3.12/importlib/__init__.py", line 90, in import_module
Jan 09 05:51:12 ip-192-168-0-24 gunicorn[22385]:     return _bootstrap._gcd_import(name[level:], package, level)
Jan 09 05:51:12 ip-192-168-0-24 gunicorn[22385]:            ^^^^^^^^^^^^^^^^^^^^^^^^^^^^^^^^^^^^^^^^^^^^^^^^^^^^
Jan 09 05:51:12 ip-192-168-0-24 gunicorn[22385]:   File "<frozen importlib._bootstrap>", line 1387, in _gcd_import
Jan 09 05:51:12 ip-192-168-0-24 gunicorn[22385]:   File "<frozen importlib._bootstrap>", line 1360, in _find_and_load
Jan 09 05:51:12 ip-192-168-0-24 gunicorn[22385]:   File "<frozen importlib._bootstrap>", line 1331, in _find_and_load_unlocked
Jan 09 05:51:12 ip-192-168-0-24 gunicorn[22385]:   File "<frozen importlib._bootstrap>", line 935, in _load_unlocked
Jan 09 05:51:12 ip-192-168-0-24 gunicorn[22385]:   File "<frozen importlib._bootstrap_external>", line 995, in exec_module
Jan 09 05:51:12 ip-192-168-0-24 gunicorn[22385]:   File "<frozen importlib._bootstrap>", line 488, in _call_with_frames_removed
Jan 09 05:51:12 ip-192-168-0-24 gunicorn[22385]:   File "/home/ubuntu/MyPortfolio/admin/app.py", line 17, in <module>
Jan 09 05:51:12 ip-192-168-0-24 gunicorn[22385]:     from config.secrets import load_secrets
Jan 09 05:51:12 ip-192-168-0-24 gunicorn[22385]: ModuleNotFoundError: No module named 'config'
Jan 09 05:51:12 ip-192-168-0-24 gunicorn[22385]: [2026-01-09 05:51:12 +0000] [22385] [INFO] Worker exiting (pid: 22385)
Jan 09 05:51:12 ip-192-168-0-24 gunicorn[22383]: [2026-01-09 05:51:12 +0000] [22383] [ERROR] Worker (pid:22384) exited with code 3
Jan 09 05:51:12 ip-192-168-0-24 gunicorn[22383]: [2026-01-09 05:51:12 +0000] [22383] [ERROR] Worker (pid:22385) was sent SIGTERM!
Jan 09 05:51:12 ip-192-168-0-24 gunicorn[22383]: [2026-01-09 05:51:12 +0000] [22383] [ERROR] Shutting down: Master
Jan 09 05:51:12 ip-192-168-0-24 gunicorn[22383]: [2026-01-09 05:51:12 +0000] [22383] [ERROR] Reason: Worker failed to boot.
Jan 09 05:51:12 ip-192-168-0-24 systemd[1]: portfolio-admin.service: Main process exited, code=exited, status=3/NOTIMPLEMENTED
Jan 09 05:51:12 ip-192-168-0-24 systemd[1]: portfolio-admin.service: Failed with result 'exit-code'.
Jan 09 05:56:23 ip-192-168-0-24 systemd[1]: Started portfolio-admin.service - Gunicorn service for Portfolio Admin app.
Jan 09 05:56:23 ip-192-168-0-24 gunicorn[22421]: [2026-01-09 05:56:23 +0000] [22421] [INFO] Starting gunicorn 23.0.0
Jan 09 05:56:23 ip-192-168-0-24 gunicorn[22421]: [2026-01-09 05:56:23 +0000] [22421] [INFO] Listening at: http://127.0.0.1:8002 (22421)
Jan 09 05:56:23 ip-192-168-0-24 gunicorn[22421]: [2026-01-09 05:56:23 +0000] [22421] [INFO] Using worker: sync
Jan 09 05:56:23 ip-192-168-0-24 gunicorn[22422]: [2026-01-09 05:56:23 +0000] [22422] [INFO] Booting worker with pid: 22422
Jan 09 05:56:23 ip-192-168-0-24 gunicorn[22423]: [2026-01-09 05:56:23 +0000] [22423] [INFO] Booting worker with pid: 22423
Jan 09 05:56:23 ip-192-168-0-24 gunicorn[22422]: [2026-01-09 05:56:23 +0000] [22422] [ERROR] Exception in worker process
Jan 09 05:56:23 ip-192-168-0-24 gunicorn[22422]: Traceback (most recent call last):
Jan 09 05:56:23 ip-192-168-0-24 gunicorn[22422]:   File "/home/ubuntu/MyPortfolio/.venv/lib/python3.12/site-packages/gunicorn/arbiter.py", line 608, in spawn_worker
Jan 09 05:56:23 ip-192-168-0-24 gunicorn[22422]:     worker.init_process()
Jan 09 05:56:23 ip-192-168-0-24 gunicorn[22422]:   File "/home/ubuntu/MyPortfolio/.venv/lib/python3.12/site-packages/gunicorn/workers/base.py", line 135, in init_process
Jan 09 05:56:23 ip-192-168-0-24 gunicorn[22422]:     self.load_wsgi()
Jan 09 05:56:23 ip-192-168-0-24 gunicorn[22422]:   File "/home/ubuntu/MyPortfolio/.venv/lib/python3.12/site-packages/gunicorn/workers/base.py", line 147, in load_wsgi
Jan 09 05:56:23 ip-192-168-0-24 gunicorn[22422]:     self.wsgi = self.app.wsgi()
Jan 09 05:56:23 ip-192-168-0-24 gunicorn[22422]:                 ^^^^^^^^^^^^^^^
Jan 09 05:56:23 ip-192-168-0-24 gunicorn[22422]:   File "/home/ubuntu/MyPortfolio/.venv/lib/python3.12/site-packages/gunicorn/app/base.py", line 66, in wsgi
Jan 09 05:56:23 ip-192-168-0-24 gunicorn[22422]:     self.callable = self.load()
Jan 09 05:56:23 ip-192-168-0-24 gunicorn[22422]:                     ^^^^^^^^^^^
Jan 09 05:56:23 ip-192-168-0-24 gunicorn[22422]:   File "/home/ubuntu/MyPortfolio/.venv/lib/python3.12/site-packages/gunicorn/app/wsgiapp.py", line 57, in load
Jan 09 05:56:23 ip-192-168-0-24 gunicorn[22422]:     return self.load_wsgiapp()
Jan 09 05:56:23 ip-192-168-0-24 gunicorn[22422]:            ^^^^^^^^^^^^^^^^^^^
Jan 09 05:56:23 ip-192-168-0-24 gunicorn[22422]:   File "/home/ubuntu/MyPortfolio/.venv/lib/python3.12/site-packages/gunicorn/app/wsgiapp.py", line 47, in load_wsgiapp
Jan 09 05:56:23 ip-192-168-0-24 gunicorn[22422]:     return util.import_app(self.app_uri)
Jan 09 05:56:23 ip-192-168-0-24 gunicorn[22422]:            ^^^^^^^^^^^^^^^^^^^^^^^^^^^^^
Jan 09 05:56:23 ip-192-168-0-24 gunicorn[22422]:   File "/home/ubuntu/MyPortfolio/.venv/lib/python3.12/site-packages/gunicorn/util.py", line 370, in import_app
Jan 09 05:56:23 ip-192-168-0-24 gunicorn[22422]:     mod = importlib.import_module(module)
Jan 09 05:56:23 ip-192-168-0-24 gunicorn[22422]:           ^^^^^^^^^^^^^^^^^^^^^^^^^^^^^^^
Jan 09 05:56:23 ip-192-168-0-24 gunicorn[22422]:   File "/usr/lib/python3.12/importlib/__init__.py", line 90, in import_module
Jan 09 05:56:23 ip-192-168-0-24 gunicorn[22422]:     return _bootstrap._gcd_import(name[level:], package, level)
Jan 09 05:56:23 ip-192-168-0-24 gunicorn[22422]:            ^^^^^^^^^^^^^^^^^^^^^^^^^^^^^^^^^^^^^^^^^^^^^^^^^^^^
Jan 09 05:56:23 ip-192-168-0-24 gunicorn[22422]:   File "<frozen importlib._bootstrap>", line 1387, in _gcd_import
Jan 09 05:56:23 ip-192-168-0-24 gunicorn[22422]:   File "<frozen importlib._bootstrap>", line 1360, in _find_and_load
Jan 09 05:56:23 ip-192-168-0-24 gunicorn[22422]:   File "<frozen importlib._bootstrap>", line 1331, in _find_and_load_unlocked
Jan 09 05:56:23 ip-192-168-0-24 gunicorn[22422]:   File "<frozen importlib._bootstrap>", line 935, in _load_unlocked
Jan 09 05:56:23 ip-192-168-0-24 gunicorn[22422]:   File "<frozen importlib._bootstrap_external>", line 995, in exec_module
Jan 09 05:56:23 ip-192-168-0-24 gunicorn[22422]:   File "<frozen importlib._bootstrap>", line 488, in _call_with_frames_removed
Jan 09 05:56:23 ip-192-168-0-24 gunicorn[22422]:   File "/home/ubuntu/MyPortfolio/admin/app.py", line 17, in <module>
Jan 09 05:56:23 ip-192-168-0-24 gunicorn[22422]:     from config.secrets import load_secrets
Jan 09 05:56:23 ip-192-168-0-24 gunicorn[22422]: ModuleNotFoundError: No module named 'config'
Jan 09 05:56:23 ip-192-168-0-24 gunicorn[22422]: [2026-01-09 05:56:23 +0000] [22422] [INFO] Worker exiting (pid: 22422)
Jan 09 05:56:23 ip-192-168-0-24 gunicorn[22423]: [2026-01-09 05:56:23 +0000] [22423] [ERROR] Exception in worker process
Jan 09 05:56:23 ip-192-168-0-24 gunicorn[22423]: Traceback (most recent call last):
Jan 09 05:56:23 ip-192-168-0-24 gunicorn[22423]:   File "/home/ubuntu/MyPortfolio/.venv/lib/python3.12/site-packages/gunicorn/arbiter.py", line 608, in spawn_worker
Jan 09 05:56:23 ip-192-168-0-24 gunicorn[22423]:     worker.init_process()
Jan 09 05:56:23 ip-192-168-0-24 gunicorn[22423]:   File "/home/ubuntu/MyPortfolio/.venv/lib/python3.12/site-packages/gunicorn/workers/base.py", line 135, in init_process
Jan 09 05:56:23 ip-192-168-0-24 gunicorn[22423]:     self.load_wsgi()
Jan 09 05:56:23 ip-192-168-0-24 gunicorn[22423]:   File "/home/ubuntu/MyPortfolio/.venv/lib/python3.12/site-packages/gunicorn/workers/base.py", line 147, in load_wsgi
Jan 09 05:56:23 ip-192-168-0-24 gunicorn[22423]:     self.wsgi = self.app.wsgi()
Jan 09 05:56:23 ip-192-168-0-24 gunicorn[22423]:                 ^^^^^^^^^^^^^^^
Jan 09 05:56:23 ip-192-168-0-24 gunicorn[22423]:   File "/home/ubuntu/MyPortfolio/.venv/lib/python3.12/site-packages/gunicorn/app/base.py", line 66, in wsgi
Jan 09 05:56:23 ip-192-168-0-24 gunicorn[22423]:     self.callable = self.load()
Jan 09 05:56:23 ip-192-168-0-24 gunicorn[22423]:                     ^^^^^^^^^^^
Jan 09 05:56:23 ip-192-168-0-24 gunicorn[22423]:   File "/home/ubuntu/MyPortfolio/.venv/lib/python3.12/site-packages/gunicorn/app/wsgiapp.py", line 57, in load
Jan 09 05:56:23 ip-192-168-0-24 gunicorn[22423]:     return self.load_wsgiapp()
Jan 09 05:56:23 ip-192-168-0-24 gunicorn[22423]:            ^^^^^^^^^^^^^^^^^^^
Jan 09 05:56:23 ip-192-168-0-24 gunicorn[22423]:   File "/home/ubuntu/MyPortfolio/.venv/lib/python3.12/site-packages/gunicorn/app/wsgiapp.py", line 47, in load_wsgiapp
Jan 09 05:56:23 ip-192-168-0-24 gunicorn[22423]:     return util.import_app(self.app_uri)
Jan 09 05:56:23 ip-192-168-0-24 gunicorn[22423]:            ^^^^^^^^^^^^^^^^^^^^^^^^^^^^^
Jan 09 05:56:23 ip-192-168-0-24 gunicorn[22423]:   File "/home/ubuntu/MyPortfolio/.venv/lib/python3.12/site-packages/gunicorn/util.py", line 370, in import_app
Jan 09 05:56:23 ip-192-168-0-24 gunicorn[22423]:     mod = importlib.import_module(module)
Jan 09 05:56:23 ip-192-168-0-24 gunicorn[22423]:           ^^^^^^^^^^^^^^^^^^^^^^^^^^^^^^^
Jan 09 05:56:23 ip-192-168-0-24 gunicorn[22423]:   File "/usr/lib/python3.12/importlib/__init__.py", line 90, in import_module
Jan 09 05:56:23 ip-192-168-0-24 gunicorn[22423]:     return _bootstrap._gcd_import(name[level:], package, level)
Jan 09 05:56:23 ip-192-168-0-24 gunicorn[22423]:            ^^^^^^^^^^^^^^^^^^^^^^^^^^^^^^^^^^^^^^^^^^^^^^^^^^^^
Jan 09 05:56:23 ip-192-168-0-24 gunicorn[22423]:   File "<frozen importlib._bootstrap>", line 1387, in _gcd_import
Jan 09 05:56:23 ip-192-168-0-24 gunicorn[22423]:   File "<frozen importlib._bootstrap>", line 1360, in _find_and_load
Jan 09 05:56:23 ip-192-168-0-24 gunicorn[22423]:   File "<frozen importlib._bootstrap>", line 1331, in _find_and_load_unlocked
Jan 09 05:56:23 ip-192-168-0-24 gunicorn[22423]:   File "<frozen importlib._bootstrap>", line 935, in _load_unlocked
Jan 09 05:56:23 ip-192-168-0-24 gunicorn[22423]:   File "<frozen importlib._bootstrap_external>", line 995, in exec_module
Jan 09 05:56:23 ip-192-168-0-24 gunicorn[22423]:   File "<frozen importlib._bootstrap>", line 488, in _call_with_frames_removed
Jan 09 05:56:23 ip-192-168-0-24 gunicorn[22423]:   File "/home/ubuntu/MyPortfolio/admin/app.py", line 17, in <module>
Jan 09 05:56:23 ip-192-168-0-24 gunicorn[22423]:     from config.secrets import load_secrets
Jan 09 05:56:23 ip-192-168-0-24 gunicorn[22423]: ModuleNotFoundError: No module named 'config'
Jan 09 05:56:23 ip-192-168-0-24 gunicorn[22423]: [2026-01-09 05:56:23 +0000] [22423] [INFO] Worker exiting (pid: 22423)
Jan 09 05:56:24 ip-192-168-0-24 gunicorn[22421]: [2026-01-09 05:56:24 +0000] [22421] [ERROR] Worker (pid:22422) exited with code 3
Jan 09 05:56:24 ip-192-168-0-24 gunicorn[22421]: [2026-01-09 05:56:24 +0000] [22421] [ERROR] Worker (pid:22423) was sent SIGTERM!
Jan 09 05:56:24 ip-192-168-0-24 gunicorn[22421]: [2026-01-09 05:56:24 +0000] [22421] [ERROR] Shutting down: Master
Jan 09 05:56:24 ip-192-168-0-24 gunicorn[22421]: [2026-01-09 05:56:24 +0000] [22421] [ERROR] Reason: Worker failed to boot.
Jan 09 05:56:24 ip-192-168-0-24 systemd[1]: portfolio-admin.service: Main process exited, code=exited, status=3/NOTIMPLEMENTED
Jan 09 05:56:24 ip-192-168-0-24 systemd[1]: portfolio-admin.service: Failed with result 'exit-code'.
Jan 09 06:00:52 ip-192-168-0-24 systemd[1]: Started portfolio-admin.service - Gunicorn service for Portfolio Admin app.
Jan 09 06:00:52 ip-192-168-0-24 gunicorn[22492]: [2026-01-09 06:00:52 +0000] [22492] [INFO] Starting gunicorn 23.0.0
Jan 09 06:00:52 ip-192-168-0-24 gunicorn[22492]: [2026-01-09 06:00:52 +0000] [22492] [INFO] Listening at: http://127.0.0.1:8002 (22492)
Jan 09 06:00:52 ip-192-168-0-24 gunicorn[22492]: [2026-01-09 06:00:52 +0000] [22492] [INFO] Using worker: sync
Jan 09 06:00:52 ip-192-168-0-24 gunicorn[22493]: [2026-01-09 06:00:52 +0000] [22493] [INFO] Booting worker with pid: 22493
Jan 09 06:00:52 ip-192-168-0-24 gunicorn[22494]: [2026-01-09 06:00:52 +0000] [22494] [INFO] Booting worker with pid: 22494
Jan 09 06:00:52 ip-192-168-0-24 gunicorn[22493]: [2026-01-09 06:00:52 +0000] [22493] [ERROR] Exception in worker process
Jan 09 06:00:52 ip-192-168-0-24 gunicorn[22493]: Traceback (most recent call last):
Jan 09 06:00:52 ip-192-168-0-24 gunicorn[22493]:   File "/home/ubuntu/MyPortfolio/.venv/lib/python3.12/site-packages/gunicorn/arbiter.py", line 608, in spawn_worker
Jan 09 06:00:52 ip-192-168-0-24 gunicorn[22493]:     worker.init_process()
Jan 09 06:00:52 ip-192-168-0-24 gunicorn[22493]:   File "/home/ubuntu/MyPortfolio/.venv/lib/python3.12/site-packages/gunicorn/workers/base.py", line 135, in init_process
Jan 09 06:00:52 ip-192-168-0-24 gunicorn[22493]:     self.load_wsgi()
Jan 09 06:00:52 ip-192-168-0-24 gunicorn[22493]:   File "/home/ubuntu/MyPortfolio/.venv/lib/python3.12/site-packages/gunicorn/workers/base.py", line 147, in load_wsgi
Jan 09 06:00:52 ip-192-168-0-24 gunicorn[22493]:     self.wsgi = self.app.wsgi()
Jan 09 06:00:52 ip-192-168-0-24 gunicorn[22493]:                 ^^^^^^^^^^^^^^^
Jan 09 06:00:52 ip-192-168-0-24 gunicorn[22493]:   File "/home/ubuntu/MyPortfolio/.venv/lib/python3.12/site-packages/gunicorn/app/base.py", line 66, in wsgi
Jan 09 06:00:52 ip-192-168-0-24 gunicorn[22493]:     self.callable = self.load()
Jan 09 06:00:52 ip-192-168-0-24 gunicorn[22493]:                     ^^^^^^^^^^^
Jan 09 06:00:52 ip-192-168-0-24 gunicorn[22493]:   File "/home/ubuntu/MyPortfolio/.venv/lib/python3.12/site-packages/gunicorn/app/wsgiapp.py", line 57, in load
Jan 09 06:00:52 ip-192-168-0-24 gunicorn[22493]:     return self.load_wsgiapp()
Jan 09 06:00:52 ip-192-168-0-24 gunicorn[22493]:            ^^^^^^^^^^^^^^^^^^^
Jan 09 06:00:52 ip-192-168-0-24 gunicorn[22493]:   File "/home/ubuntu/MyPortfolio/.venv/lib/python3.12/site-packages/gunicorn/app/wsgiapp.py", line 47, in load_wsgiapp
Jan 09 06:00:52 ip-192-168-0-24 gunicorn[22493]:     return util.import_app(self.app_uri)
Jan 09 06:00:52 ip-192-168-0-24 gunicorn[22493]:            ^^^^^^^^^^^^^^^^^^^^^^^^^^^^^
Jan 09 06:00:52 ip-192-168-0-24 gunicorn[22493]:   File "/home/ubuntu/MyPortfolio/.venv/lib/python3.12/site-packages/gunicorn/util.py", line 370, in import_app
Jan 09 06:00:52 ip-192-168-0-24 gunicorn[22493]:     mod = importlib.import_module(module)
Jan 09 06:00:52 ip-192-168-0-24 gunicorn[22493]:           ^^^^^^^^^^^^^^^^^^^^^^^^^^^^^^^
Jan 09 06:00:52 ip-192-168-0-24 gunicorn[22493]:   File "/usr/lib/python3.12/importlib/__init__.py", line 90, in import_module
Jan 09 06:00:52 ip-192-168-0-24 gunicorn[22493]:     return _bootstrap._gcd_import(name[level:], package, level)
Jan 09 06:00:52 ip-192-168-0-24 gunicorn[22493]:            ^^^^^^^^^^^^^^^^^^^^^^^^^^^^^^^^^^^^^^^^^^^^^^^^^^^^
Jan 09 06:00:52 ip-192-168-0-24 gunicorn[22493]:   File "<frozen importlib._bootstrap>", line 1387, in _gcd_import
Jan 09 06:00:52 ip-192-168-0-24 gunicorn[22493]:   File "<frozen importlib._bootstrap>", line 1360, in _find_and_load
Jan 09 06:00:52 ip-192-168-0-24 gunicorn[22493]:   File "<frozen importlib._bootstrap>", line 1331, in _find_and_load_unlocked
Jan 09 06:00:52 ip-192-168-0-24 gunicorn[22493]:   File "<frozen importlib._bootstrap>", line 935, in _load_unlocked
Jan 09 06:00:52 ip-192-168-0-24 gunicorn[22493]:   File "<frozen importlib._bootstrap_external>", line 995, in exec_module
Jan 09 06:00:52 ip-192-168-0-24 gunicorn[22493]:   File "<frozen importlib._bootstrap>", line 488, in _call_with_frames_removed
Jan 09 06:00:52 ip-192-168-0-24 gunicorn[22493]:   File "/home/ubuntu/MyPortfolio/admin/app.py", line 17, in <module>
Jan 09 06:00:52 ip-192-168-0-24 gunicorn[22493]:     from config.secrets import load_secrets
Jan 09 06:00:52 ip-192-168-0-24 gunicorn[22493]: ModuleNotFoundError: No module named 'config'
Jan 09 06:00:52 ip-192-168-0-24 gunicorn[22493]: [2026-01-09 06:00:52 +0000] [22493] [INFO] Worker exiting (pid: 22493)
Jan 09 06:00:52 ip-192-168-0-24 gunicorn[22494]: [2026-01-09 06:00:52 +0000] [22494] [ERROR] Exception in worker process
Jan 09 06:00:52 ip-192-168-0-24 gunicorn[22494]: Traceback (most recent call last):
Jan 09 06:00:52 ip-192-168-0-24 gunicorn[22494]:   File "/home/ubuntu/MyPortfolio/.venv/lib/python3.12/site-packages/gunicorn/arbiter.py", line 608, in spawn_worker
Jan 09 06:00:52 ip-192-168-0-24 gunicorn[22494]:     worker.init_process()
Jan 09 06:00:52 ip-192-168-0-24 gunicorn[22494]:   File "/home/ubuntu/MyPortfolio/.venv/lib/python3.12/site-packages/gunicorn/workers/base.py", line 135, in init_process
Jan 09 06:00:52 ip-192-168-0-24 gunicorn[22494]:     self.load_wsgi()
Jan 09 06:00:52 ip-192-168-0-24 gunicorn[22494]:   File "/home/ubuntu/MyPortfolio/.venv/lib/python3.12/site-packages/gunicorn/workers/base.py", line 147, in load_wsgi
Jan 09 06:00:52 ip-192-168-0-24 gunicorn[22494]:     self.wsgi = self.app.wsgi()
Jan 09 06:00:52 ip-192-168-0-24 gunicorn[22494]:                 ^^^^^^^^^^^^^^^
Jan 09 06:00:52 ip-192-168-0-24 gunicorn[22494]:   File "/home/ubuntu/MyPortfolio/.venv/lib/python3.12/site-packages/gunicorn/app/base.py", line 66, in wsgi
Jan 09 06:00:52 ip-192-168-0-24 gunicorn[22494]:     self.callable = self.load()
Jan 09 06:00:52 ip-192-168-0-24 gunicorn[22494]:                     ^^^^^^^^^^^
Jan 09 06:00:52 ip-192-168-0-24 gunicorn[22494]:   File "/home/ubuntu/MyPortfolio/.venv/lib/python3.12/site-packages/gunicorn/app/wsgiapp.py", line 57, in load
Jan 09 06:00:52 ip-192-168-0-24 gunicorn[22494]:     return self.load_wsgiapp()
Jan 09 06:00:52 ip-192-168-0-24 gunicorn[22494]:            ^^^^^^^^^^^^^^^^^^^
Jan 09 06:00:52 ip-192-168-0-24 gunicorn[22494]:   File "/home/ubuntu/MyPortfolio/.venv/lib/python3.12/site-packages/gunicorn/app/wsgiapp.py", line 47, in load_wsgiapp
Jan 09 06:00:52 ip-192-168-0-24 gunicorn[22494]:     return util.import_app(self.app_uri)
Jan 09 06:00:52 ip-192-168-0-24 gunicorn[22494]:            ^^^^^^^^^^^^^^^^^^^^^^^^^^^^^
Jan 09 06:00:52 ip-192-168-0-24 gunicorn[22494]:   File "/home/ubuntu/MyPortfolio/.venv/lib/python3.12/site-packages/gunicorn/util.py", line 370, in import_app
Jan 09 06:00:52 ip-192-168-0-24 gunicorn[22494]:     mod = importlib.import_module(module)
Jan 09 06:00:52 ip-192-168-0-24 gunicorn[22494]:           ^^^^^^^^^^^^^^^^^^^^^^^^^^^^^^^
Jan 09 06:00:52 ip-192-168-0-24 gunicorn[22494]:   File "/usr/lib/python3.12/importlib/__init__.py", line 90, in import_module
Jan 09 06:00:52 ip-192-168-0-24 gunicorn[22494]:     return _bootstrap._gcd_import(name[level:], package, level)
Jan 09 06:00:52 ip-192-168-0-24 gunicorn[22494]:            ^^^^^^^^^^^^^^^^^^^^^^^^^^^^^^^^^^^^^^^^^^^^^^^^^^^^
Jan 09 06:00:52 ip-192-168-0-24 gunicorn[22494]:   File "<frozen importlib._bootstrap>", line 1387, in _gcd_import
Jan 09 06:00:52 ip-192-168-0-24 gunicorn[22494]:   File "<frozen importlib._bootstrap>", line 1360, in _find_and_load
Jan 09 06:00:52 ip-192-168-0-24 gunicorn[22494]:   File "<frozen importlib._bootstrap>", line 1331, in _find_and_load_unlocked
Jan 09 06:00:52 ip-192-168-0-24 gunicorn[22494]:   File "<frozen importlib._bootstrap>", line 935, in _load_unlocked
Jan 09 06:00:52 ip-192-168-0-24 gunicorn[22494]:   File "<frozen importlib._bootstrap_external>", line 995, in exec_module
Jan 09 06:00:52 ip-192-168-0-24 gunicorn[22494]:   File "<frozen importlib._bootstrap>", line 488, in _call_with_frames_removed
Jan 09 06:00:52 ip-192-168-0-24 gunicorn[22494]:   File "/home/ubuntu/MyPortfolio/admin/app.py", line 17, in <module>
Jan 09 06:00:52 ip-192-168-0-24 gunicorn[22494]:     from config.secrets import load_secrets
Jan 09 06:00:52 ip-192-168-0-24 gunicorn[22494]: ModuleNotFoundError: No module named 'config'
Jan 09 06:00:52 ip-192-168-0-24 gunicorn[22494]: [2026-01-09 06:00:52 +0000] [22494] [INFO] Worker exiting (pid: 22494)
Jan 09 06:00:52 ip-192-168-0-24 gunicorn[22492]: [2026-01-09 06:00:52 +0000] [22492] [ERROR] Worker (pid:22493) exited with code 3
Jan 09 06:00:52 ip-192-168-0-24 gunicorn[22492]: [2026-01-09 06:00:52 +0000] [22492] [ERROR] Worker (pid:22494) was sent SIGTERM!
Jan 09 06:00:52 ip-192-168-0-24 gunicorn[22492]: [2026-01-09 06:00:52 +0000] [22492] [ERROR] Shutting down: Master
Jan 09 06:00:52 ip-192-168-0-24 gunicorn[22492]: [2026-01-09 06:00:52 +0000] [22492] [ERROR] Reason: Worker failed to boot.
Jan 09 06:00:52 ip-192-168-0-24 systemd[1]: portfolio-admin.service: Main process exited, code=exited, status=3/NOTIMPLEMENTED
Jan 09 06:00:52 ip-192-168-0-24 systemd[1]: portfolio-admin.service: Failed with result 'exit-code'.
Mar 07 17:39:52 ip-192-168-0-24 systemd[1]: Started portfolio-admin.service - Gunicorn service for Portfolio Admin app.
Mar 07 17:39:52 ip-192-168-0-24 gunicorn[244809]: [2026-03-07 17:39:52 +0000] [244809] [INFO] Starting gunicorn 23.0.0
Mar 07 17:39:52 ip-192-168-0-24 gunicorn[244809]: [2026-03-07 17:39:52 +0000] [244809] [INFO] Listening at: http://127.0.0.1:8002 (244809)
Mar 07 17:39:52 ip-192-168-0-24 gunicorn[244809]: [2026-03-07 17:39:52 +0000] [244809] [INFO] Using worker: sync
Mar 07 17:39:52 ip-192-168-0-24 gunicorn[244811]: [2026-03-07 17:39:52 +0000] [244811] [INFO] Booting worker with pid: 244811
Mar 07 17:39:52 ip-192-168-0-24 gunicorn[244813]: [2026-03-07 17:39:52 +0000] [244813] [INFO] Booting worker with pid: 244813
● portfolio-admin.service - Gunicorn service for Portfolio Admin app
     Loaded: loaded (/etc/systemd/system/portfolio-admin.service; enabled; preset: enabled)
     Active: active (running) since Sat 2026-03-07 17:39:52 UTC; 19min ago
   Main PID: 244809 (gunicorn)
      Tasks: 3 (limit: 1017)
     Memory: 98.2M (peak: 98.7M)
        CPU: 1.503s
     CGroup: /system.slice/portfolio-admin.service
             ├─244809 /home/ubuntu/MyPortfolio/.venv/bin/python3 /home/ubuntu/MyPortfolio/.venv/bin/gunicorn --workers 2 --bind 127.0.0.1:8002 app:app
             ├─244811 /home/ubuntu/MyPortfolio/.venv/bin/python3 /home/ubuntu/MyPortfolio/.venv/bin/gunicorn --workers 2 --bind 127.0.0.1:8002 app:app
             └─244813 /home/ubuntu/MyPortfolio/.venv/bin/python3 /home/ubuntu/MyPortfolio/.venv/bin/gunicorn --workers 2 --bind 127.0.0.1:8002 app:app

Mar 07 17:39:52 ip-192-168-0-24 systemd[1]: Started portfolio-admin.service - Gunicorn service for Portfolio Admin app.
Mar 07 17:39:52 ip-192-168-0-24 gunicorn[244809]: [2026-03-07 17:39:52 +0000] [244809] [INFO] Starting gunicorn 23.0.0
Mar 07 17:39:52 ip-192-168-0-24 gunicorn[244809]: [2026-03-07 17:39:52 +0000] [244809] [INFO] Listening at: http://127.0.0.1:8002 (244809)
Mar 07 17:39:52 ip-192-168-0-24 gunicorn[244809]: [2026-03-07 17:39:52 +0000] [244809] [INFO] Using worker: sync
Mar 07 17:39:52 ip-192-168-0-24 gunicorn[244811]: [2026-03-07 17:39:52 +0000] [244811] [INFO] Booting worker with pid: 244811
Mar 07 17:39:52 ip-192-168-0-24 gunicorn[244813]: [2026-03-07 17:39:52 +0000] [244813] [INFO] Booting worker with pid: 244813
