Mar 07 04:44:17 ip-192-168-0-24 gunicorn[195444]: DEBUG: about_skills is truthy: False
Mar 07 04:44:17 ip-192-168-0-24 gunicorn[195444]: DEBUG: about_skills count: 0
Mar 07 04:44:17 ip-192-168-0-24 gunicorn[195444]: DEBUG: about_skills: []
Mar 07 04:44:17 ip-192-168-0-24 gunicorn[195444]: DEBUG: about_skills type: <class 'list'>
Mar 07 04:44:17 ip-192-168-0-24 gunicorn[195444]: DEBUG: about_skills is truthy: False
Mar 07 04:44:17 ip-192-168-0-24 gunicorn[195444]: DEBUG: about_skills count: 0
Mar 07 04:44:17 ip-192-168-0-24 gunicorn[195444]: DEBUG: about_skills: []
Mar 07 04:44:17 ip-192-168-0-24 gunicorn[195444]: DEBUG: about_skills type: <class 'list'>
Mar 07 04:44:17 ip-192-168-0-24 gunicorn[195444]: DEBUG: about_skills is truthy: False
Mar 07 04:44:17 ip-192-168-0-24 gunicorn[195444]: DEBUG: about_skills count: 0
Mar 07 04:44:17 ip-192-168-0-24 gunicorn[195444]: DEBUG: about_skills: []
Mar 07 04:44:17 ip-192-168-0-24 gunicorn[195444]: DEBUG: about_skills type: <class 'list'>
Mar 07 04:44:17 ip-192-168-0-24 gunicorn[195444]: DEBUG: about_skills is truthy: False
Mar 07 04:44:17 ip-192-168-0-24 gunicorn[195444]: DEBUG: about_skills count: 0
Mar 07 04:44:17 ip-192-168-0-24 gunicorn[195444]: DEBUG: about_skills: []
Mar 07 04:44:17 ip-192-168-0-24 gunicorn[195444]: DEBUG: about_skills type: <class 'list'>
Mar 07 04:44:17 ip-192-168-0-24 gunicorn[195444]: DEBUG: about_skills is truthy: False
Mar 07 04:44:17 ip-192-168-0-24 gunicorn[195444]: DEBUG: about_skills count: 0
Mar 07 04:44:17 ip-192-168-0-24 gunicorn[195444]: DEBUG: about_skills: []
Mar 07 04:44:17 ip-192-168-0-24 gunicorn[195444]: DEBUG: about_skills type: <class 'list'>
Mar 07 04:44:17 ip-192-168-0-24 gunicorn[195444]: DEBUG: about_skills is truthy: False
Mar 07 04:44:17 ip-192-168-0-24 gunicorn[195444]: DEBUG: about_skills count: 0
Mar 07 04:44:17 ip-192-168-0-24 gunicorn[195444]: DEBUG: about_skills: []
Mar 07 04:44:17 ip-192-168-0-24 gunicorn[195444]: DEBUG: about_skills type: <class 'list'>
Mar 07 04:44:17 ip-192-168-0-24 gunicorn[195444]: DEBUG: about_skills is truthy: False
Mar 07 04:44:17 ip-192-168-0-24 gunicorn[195444]: DEBUG: about_skills count: 0
Mar 07 04:44:17 ip-192-168-0-24 gunicorn[195444]: DEBUG: about_skills: []
Mar 07 04:44:17 ip-192-168-0-24 gunicorn[195444]: DEBUG: about_skills type: <class 'list'>
Mar 07 04:44:17 ip-192-168-0-24 gunicorn[195444]: DEBUG: about_skills is truthy: False
Mar 07 04:44:17 ip-192-168-0-24 gunicorn[195444]: DEBUG: about_skills count: 0
Mar 07 04:44:17 ip-192-168-0-24 gunicorn[195444]: DEBUG: about_skills: []
Mar 07 04:44:17 ip-192-168-0-24 gunicorn[195444]: DEBUG: about_skills type: <class 'list'>
Mar 07 04:44:17 ip-192-168-0-24 gunicorn[195444]: DEBUG: about_skills is truthy: False
Mar 07 04:44:17 ip-192-168-0-24 gunicorn[195444]: DEBUG: about_skills count: 0
Mar 07 17:39:51 ip-192-168-0-24 gunicorn[195444]: [2026-03-07 17:39:51 +0000] [195444] [INFO] Worker exiting (pid: 195444)
Mar 07 17:39:51 ip-192-168-0-24 gunicorn[171606]: [2026-03-07 17:39:51 +0000] [171606] [INFO] Handling signal: term
Mar 07 17:39:51 ip-192-168-0-24 systemd[1]: Stopping portfolio-main.service - Gunicorn service for PortfolioMain Flask app...
Mar 07 17:39:51 ip-192-168-0-24 gunicorn[195730]: [2026-03-07 17:39:51 +0000] [195730] [INFO] Worker exiting (pid: 195730)
Mar 07 17:39:51 ip-192-168-0-24 gunicorn[195730]: DEBUG: about_skills: []
Mar 07 17:39:51 ip-192-168-0-24 gunicorn[195730]: DEBUG: about_skills type: <class 'list'>
Mar 07 17:39:51 ip-192-168-0-24 gunicorn[195730]: DEBUG: about_skills is truthy: False
Mar 07 17:39:51 ip-192-168-0-24 gunicorn[195730]: DEBUG: about_skills count: 0
Mar 07 17:39:51 ip-192-168-0-24 gunicorn[195730]: DEBUG: about_skills: []
Mar 07 17:39:51 ip-192-168-0-24 gunicorn[195730]: DEBUG: about_skills type: <class 'list'>
Mar 07 17:39:51 ip-192-168-0-24 gunicorn[195730]: DEBUG: about_skills is truthy: False
Mar 07 17:39:51 ip-192-168-0-24 gunicorn[195730]: DEBUG: about_skills count: 0
Mar 07 17:39:51 ip-192-168-0-24 gunicorn[195730]: DEBUG: about_skills: []
Mar 07 17:39:51 ip-192-168-0-24 gunicorn[195730]: DEBUG: about_skills type: <class 'list'>
Mar 07 17:39:51 ip-192-168-0-24 gunicorn[195730]: DEBUG: about_skills is truthy: False
Mar 07 17:39:51 ip-192-168-0-24 gunicorn[195730]: DEBUG: about_skills count: 0
Mar 07 17:39:51 ip-192-168-0-24 gunicorn[195730]: DEBUG: about_skills: []
Mar 07 17:39:51 ip-192-168-0-24 gunicorn[195730]: DEBUG: about_skills type: <class 'list'>
Mar 07 17:39:51 ip-192-168-0-24 gunicorn[195730]: DEBUG: about_skills is truthy: False
Mar 07 17:39:51 ip-192-168-0-24 gunicorn[195730]: DEBUG: about_skills count: 0
Mar 07 17:39:51 ip-192-168-0-24 gunicorn[195730]: DEBUG: about_skills: []
Mar 07 17:39:51 ip-192-168-0-24 gunicorn[195730]: DEBUG: about_skills type: <class 'list'>
Mar 07 17:39:51 ip-192-168-0-24 gunicorn[195730]: DEBUG: about_skills is truthy: False
Mar 07 17:39:51 ip-192-168-0-24 gunicorn[195730]: DEBUG: about_skills count: 0
Mar 07 17:39:51 ip-192-168-0-24 gunicorn[195730]: DEBUG: about_skills: []
Mar 07 17:39:51 ip-192-168-0-24 gunicorn[195730]: DEBUG: about_skills type: <class 'list'>
Mar 07 17:39:51 ip-192-168-0-24 gunicorn[195730]: DEBUG: about_skills is truthy: False
Mar 07 17:39:51 ip-192-168-0-24 gunicorn[195730]: DEBUG: about_skills count: 0
Mar 07 17:39:51 ip-192-168-0-24 gunicorn[195730]: DEBUG: about_skills: []
Mar 07 17:39:51 ip-192-168-0-24 gunicorn[195730]: DEBUG: about_skills type: <class 'list'>
Mar 07 17:39:51 ip-192-168-0-24 gunicorn[195730]: DEBUG: about_skills is truthy: False
Mar 07 17:39:51 ip-192-168-0-24 gunicorn[195730]: DEBUG: about_skills count: 0
Mar 07 17:39:51 ip-192-168-0-24 gunicorn[195730]: DEBUG: about_skills: []
Mar 07 17:39:51 ip-192-168-0-24 gunicorn[195730]: DEBUG: about_skills type: <class 'list'>
Mar 07 17:39:51 ip-192-168-0-24 gunicorn[195730]: DEBUG: about_skills is truthy: False
Mar 07 17:39:51 ip-192-168-0-24 gunicorn[196960]: [2026-03-07 17:39:51 +0000] [196960] [INFO] Worker exiting (pid: 196960)
Mar 07 17:39:51 ip-192-168-0-24 gunicorn[196960]: DEBUG: about_skills: []
Mar 07 17:39:51 ip-192-168-0-24 gunicorn[196960]: DEBUG: about_skills type: <class 'list'>
Mar 07 17:39:51 ip-192-168-0-24 gunicorn[196960]: DEBUG: about_skills is truthy: False
Mar 07 17:39:51 ip-192-168-0-24 gunicorn[196960]: DEBUG: about_skills count: 0
Mar 07 17:39:51 ip-192-168-0-24 gunicorn[196960]: DEBUG: about_skills: []
Mar 07 17:39:51 ip-192-168-0-24 gunicorn[196960]: DEBUG: about_skills type: <class 'list'>
Mar 07 17:39:51 ip-192-168-0-24 gunicorn[196960]: DEBUG: about_skills is truthy: False
Mar 07 17:39:51 ip-192-168-0-24 gunicorn[196960]: DEBUG: about_skills count: 0
Mar 07 17:39:51 ip-192-168-0-24 gunicorn[196960]: DEBUG: about_skills: []
Mar 07 17:39:51 ip-192-168-0-24 gunicorn[196960]: DEBUG: about_skills type: <class 'list'>
Mar 07 17:39:51 ip-192-168-0-24 gunicorn[196960]: DEBUG: about_skills is truthy: False
Mar 07 17:39:51 ip-192-168-0-24 gunicorn[196960]: DEBUG: about_skills count: 0
Mar 07 17:39:51 ip-192-168-0-24 gunicorn[196960]: DEBUG: about_skills: []
Mar 07 17:39:51 ip-192-168-0-24 gunicorn[196960]: DEBUG: about_skills type: <class 'list'>
Mar 07 17:39:51 ip-192-168-0-24 gunicorn[196960]: DEBUG: about_skills is truthy: False
Mar 07 17:39:51 ip-192-168-0-24 gunicorn[196960]: DEBUG: about_skills count: 0
Mar 07 17:39:51 ip-192-168-0-24 gunicorn[196960]: DEBUG: about_skills: []
Mar 07 17:39:51 ip-192-168-0-24 gunicorn[196960]: DEBUG: about_skills type: <class 'list'>
Mar 07 17:39:51 ip-192-168-0-24 gunicorn[196960]: DEBUG: about_skills is truthy: False
Mar 07 17:39:51 ip-192-168-0-24 gunicorn[196960]: 📩 New Contact Message:
Mar 07 17:39:51 ip-192-168-0-24 gunicorn[196960]: Name: Hallie Brunette
Mar 07 17:39:51 ip-192-168-0-24 gunicorn[196960]: Email: turn.erfisher348382+hallie.brunette@gmail.com
Mar 07 17:39:51 ip-192-168-0-24 gunicorn[196960]: Subject: Backlinks for Johnsathvik Com
Mar 07 17:39:51 ip-192-168-0-24 gunicorn[196960]: Message: Need better search rankings for Johnsathvik Com?
Mar 07 17:39:51 ip-192-168-0-24 gunicorn[196960]: 
Mar 07 17:39:51 ip-192-168-0-24 gunicorn[196960]: Our team offers professional SEO services designed to improve your rankings. Our solutions include Google Maps (GMB) Ranking and high-quality link building such as Web 2.0, Wiki, and Blog Comments. Our services are optimized to increase your domain authority at the best prices.
Mar 07 17:39:51 ip-192-168-0-24 gunicorn[196960]: 
Mar 07 17:39:51 ip-192-168-0-24 gunicorn[196960]: See how we can boost your rankings here: https://rb.gy/t7gc5i
Mar 07 17:39:51 ip-192-168-0-24 gunicorn[196960]: 
Mar 07 17:39:51 ip-192-168-0-24 gunicorn[196960]: Regards, Hallie
Mar 07 17:39:51 ip-192-168-0-24 gunicorn[196960]: 
Mar 07 17:39:51 ip-192-168-0-24 gunicorn[196960]: 
Mar 07 17:39:51 ip-192-168-0-24 gunicorn[196960]: 
Mar 07 17:39:51 ip-192-168-0-24 gunicorn[196960]: 
Mar 07 17:39:51 ip-192-168-0-24 gunicorn[196960]: 
Mar 07 17:39:51 ip-192-168-0-24 gunicorn[196960]: 
Mar 07 17:39:51 ip-192-168-0-24 gunicorn[196960]: 
Mar 07 17:39:51 ip-192-168-0-24 gunicorn[196960]: 
Mar 07 17:39:51 ip-192-168-0-24 gunicorn[196960]: 
Mar 07 17:39:51 ip-192-168-0-24 gunicorn[196960]: To unsubscribe, please reply with subject:  Unsubscribe !johnsathvik.com
Mar 07 17:39:51 ip-192-168-0-24 gunicorn[196960]: DEBUG: about_skills count: 0
Mar 07 17:39:51 ip-192-168-0-24 gunicorn[196960]: DEBUG: about_skills: []
Mar 07 17:39:51 ip-192-168-0-24 gunicorn[196960]: DEBUG: about_skills type: <class 'list'>
Mar 07 17:39:51 ip-192-168-0-24 gunicorn[196960]: DEBUG: about_skills is truthy: False
Mar 07 17:39:51 ip-192-168-0-24 gunicorn[196960]: DEBUG: about_skills count: 0
Mar 07 17:39:51 ip-192-168-0-24 gunicorn[196960]: DEBUG: about_skills: []
Mar 07 17:39:51 ip-192-168-0-24 gunicorn[196960]: DEBUG: about_skills type: <class 'list'>
Mar 07 17:39:51 ip-192-168-0-24 gunicorn[196960]: DEBUG: about_skills is truthy: False
Mar 07 17:39:51 ip-192-168-0-24 gunicorn[196960]: DEBUG: about_skills count: 0
Mar 07 17:39:51 ip-192-168-0-24 gunicorn[196960]: DEBUG: about_skills: []
Mar 07 17:39:51 ip-192-168-0-24 gunicorn[196960]: DEBUG: about_skills type: <class 'list'>
Mar 07 17:39:51 ip-192-168-0-24 gunicorn[196960]: DEBUG: about_skills is truthy: False
Mar 07 17:39:51 ip-192-168-0-24 gunicorn[196960]: DEBUG: about_skills count: 0
Mar 07 17:39:51 ip-192-168-0-24 gunicorn[196960]: DEBUG: about_skills: []
Mar 07 17:39:51 ip-192-168-0-24 gunicorn[196960]: DEBUG: about_skills type: <class 'list'>
Mar 07 17:39:51 ip-192-168-0-24 gunicorn[196960]: DEBUG: about_skills is truthy: False
Mar 07 17:39:51 ip-192-168-0-24 gunicorn[196960]: DEBUG: about_skills count: 0
Mar 07 17:39:51 ip-192-168-0-24 gunicorn[196960]: DEBUG: about_skills: []
Mar 07 17:39:51 ip-192-168-0-24 gunicorn[196960]: DEBUG: about_skills type: <class 'list'>
Mar 07 17:39:51 ip-192-168-0-24 gunicorn[196960]: DEBUG: about_skills is truthy: False
Mar 07 17:39:51 ip-192-168-0-24 gunicorn[196960]: DEBUG: about_skills count: 0
Mar 07 17:39:51 ip-192-168-0-24 gunicorn[196960]: DEBUG: about_skills: []
Mar 07 17:39:51 ip-192-168-0-24 gunicorn[196960]: DEBUG: about_skills type: <class 'list'>
Mar 07 17:39:51 ip-192-168-0-24 gunicorn[196960]: DEBUG: about_skills is truthy: False
Mar 07 17:39:51 ip-192-168-0-24 gunicorn[196960]: DEBUG: about_skills count: 0
Mar 07 17:39:51 ip-192-168-0-24 gunicorn[196960]: DEBUG: about_skills: []
Mar 07 17:39:51 ip-192-168-0-24 gunicorn[196960]: DEBUG: about_skills type: <class 'list'>
Mar 07 17:39:51 ip-192-168-0-24 gunicorn[196960]: DEBUG: about_skills is truthy: False
Mar 07 17:39:51 ip-192-168-0-24 gunicorn[195444]: DEBUG: about_skills: []
Mar 07 17:39:51 ip-192-168-0-24 gunicorn[195444]: DEBUG: about_skills type: <class 'list'>
Mar 07 17:39:51 ip-192-168-0-24 gunicorn[195444]: DEBUG: about_skills is truthy: False
Mar 07 17:39:51 ip-192-168-0-24 gunicorn[195444]: DEBUG: about_skills count: 0
Mar 07 17:39:51 ip-192-168-0-24 gunicorn[195444]: DEBUG: about_skills: []
Mar 07 17:39:51 ip-192-168-0-24 gunicorn[195444]: DEBUG: about_skills type: <class 'list'>
Mar 07 17:39:51 ip-192-168-0-24 gunicorn[195444]: DEBUG: about_skills is truthy: False
Mar 07 17:39:51 ip-192-168-0-24 gunicorn[195444]: DEBUG: about_skills count: 0
Mar 07 17:39:51 ip-192-168-0-24 gunicorn[195444]: DEBUG: about_skills: []
Mar 07 17:39:51 ip-192-168-0-24 gunicorn[195444]: DEBUG: about_skills type: <class 'list'>
Mar 07 17:39:51 ip-192-168-0-24 gunicorn[195444]: DEBUG: about_skills is truthy: False
Mar 07 17:39:51 ip-192-168-0-24 gunicorn[195444]: DEBUG: about_skills count: 0
Mar 07 17:39:51 ip-192-168-0-24 gunicorn[195444]: DEBUG: about_skills: []
Mar 07 17:39:51 ip-192-168-0-24 gunicorn[195444]: DEBUG: about_skills type: <class 'list'>
Mar 07 17:39:51 ip-192-168-0-24 gunicorn[195444]: DEBUG: about_skills is truthy: False
Mar 07 17:39:51 ip-192-168-0-24 gunicorn[195444]: DEBUG: about_skills count: 0
Mar 07 17:39:51 ip-192-168-0-24 gunicorn[195444]: DEBUG: about_skills: []
Mar 07 17:39:51 ip-192-168-0-24 gunicorn[195444]: DEBUG: about_skills type: <class 'list'>
Mar 07 17:39:51 ip-192-168-0-24 gunicorn[195444]: DEBUG: about_skills is truthy: False
Mar 07 17:39:51 ip-192-168-0-24 gunicorn[195444]: DEBUG: about_skills count: 0
Mar 07 17:39:51 ip-192-168-0-24 gunicorn[195444]: DEBUG: about_skills: []
Mar 07 17:39:51 ip-192-168-0-24 gunicorn[195444]: DEBUG: about_skills type: <class 'list'>
Mar 07 17:39:51 ip-192-168-0-24 gunicorn[195444]: DEBUG: about_skills is truthy: False
Mar 07 17:39:51 ip-192-168-0-24 gunicorn[195444]: DEBUG: about_skills count: 0
Mar 07 17:39:51 ip-192-168-0-24 gunicorn[195444]: DEBUG: about_skills: []
Mar 07 17:39:51 ip-192-168-0-24 gunicorn[195444]: DEBUG: about_skills type: <class 'list'>
Mar 07 17:39:51 ip-192-168-0-24 gunicorn[195444]: DEBUG: about_skills is truthy: False
Mar 07 17:39:51 ip-192-168-0-24 gunicorn[195444]: DEBUG: about_skills count: 0
Mar 07 17:39:51 ip-192-168-0-24 gunicorn[195444]: DEBUG: about_skills: []
Mar 07 17:39:51 ip-192-168-0-24 gunicorn[195444]: DEBUG: about_skills type: <class 'list'>
Mar 07 17:39:51 ip-192-168-0-24 gunicorn[195444]: DEBUG: about_skills is truthy: False
Mar 07 17:39:51 ip-192-168-0-24 gunicorn[195444]: DEBUG: about_skills count: 0
Mar 07 17:39:51 ip-192-168-0-24 gunicorn[195444]: DEBUG: about_skills: []
Mar 07 17:39:51 ip-192-168-0-24 gunicorn[195444]: DEBUG: about_skills type: <class 'list'>
Mar 07 17:39:51 ip-192-168-0-24 gunicorn[195444]: DEBUG: about_skills is truthy: False
Mar 07 17:39:51 ip-192-168-0-24 gunicorn[195444]: DEBUG: about_skills count: 0
Mar 07 17:39:51 ip-192-168-0-24 gunicorn[195444]: DEBUG: about_skills: []
Mar 07 17:39:51 ip-192-168-0-24 gunicorn[195444]: DEBUG: about_skills type: <class 'list'>
Mar 07 17:39:51 ip-192-168-0-24 gunicorn[195444]: DEBUG: about_skills is truthy: False
Mar 07 17:39:51 ip-192-168-0-24 gunicorn[195444]: DEBUG: about_skills count: 0
Mar 07 17:39:51 ip-192-168-0-24 gunicorn[195444]: DEBUG: about_skills: []
Mar 07 17:39:51 ip-192-168-0-24 gunicorn[195444]: DEBUG: about_skills type: <class 'list'>
Mar 07 17:39:51 ip-192-168-0-24 gunicorn[195444]: DEBUG: about_skills is truthy: False
Mar 07 17:39:51 ip-192-168-0-24 gunicorn[195444]: DEBUG: about_skills count: 0
Mar 07 17:39:51 ip-192-168-0-24 gunicorn[195444]: DEBUG: about_skills: []
Mar 07 17:39:51 ip-192-168-0-24 gunicorn[195444]: DEBUG: about_skills type: <class 'list'>
Mar 07 17:39:51 ip-192-168-0-24 gunicorn[195444]: DEBUG: about_skills is truthy: False
Mar 07 17:39:51 ip-192-168-0-24 gunicorn[195444]: DEBUG: about_skills count: 0
Mar 07 17:39:51 ip-192-168-0-24 gunicorn[195444]: DEBUG: about_skills: []
Mar 07 17:39:51 ip-192-168-0-24 gunicorn[195444]: DEBUG: about_skills type: <class 'list'>
Mar 07 17:39:51 ip-192-168-0-24 gunicorn[195444]: DEBUG: about_skills is truthy: False
Mar 07 17:39:51 ip-192-168-0-24 gunicorn[171606]: [2026-03-07 17:39:51 +0000] [171606] [INFO] Shutting down: Master
Mar 07 17:39:51 ip-192-168-0-24 systemd[1]: portfolio-main.service: Deactivated successfully.
Mar 07 17:39:51 ip-192-168-0-24 systemd[1]: Stopped portfolio-main.service - Gunicorn service for PortfolioMain Flask app.
Mar 07 17:39:51 ip-192-168-0-24 systemd[1]: portfolio-main.service: Consumed 12min 13.249s CPU time, 169.7M memory peak, 0B memory swap peak.
Mar 07 17:39:52 ip-192-168-0-24 systemd[1]: Started portfolio-main.service - Gunicorn service for PortfolioMain Flask app.
Mar 07 17:39:52 ip-192-168-0-24 gunicorn[244806]: [2026-03-07 17:39:52 +0000] [244806] [INFO] Starting gunicorn 23.0.0
Mar 07 17:39:52 ip-192-168-0-24 gunicorn[244806]: [2026-03-07 17:39:52 +0000] [244806] [INFO] Listening at: http://127.0.0.1:8001 (244806)
Mar 07 17:39:52 ip-192-168-0-24 gunicorn[244806]: [2026-03-07 17:39:52 +0000] [244806] [INFO] Using worker: sync
Mar 07 17:39:52 ip-192-168-0-24 gunicorn[244810]: [2026-03-07 17:39:52 +0000] [244810] [INFO] Booting worker with pid: 244810
Mar 07 17:39:52 ip-192-168-0-24 gunicorn[244812]: [2026-03-07 17:39:52 +0000] [244812] [INFO] Booting worker with pid: 244812
Mar 07 17:39:52 ip-192-168-0-24 gunicorn[244814]: [2026-03-07 17:39:52 +0000] [244814] [INFO] Booting worker with pid: 244814
● portfolio-main.service - Gunicorn service for PortfolioMain Flask app
     Loaded: loaded (/etc/systemd/system/portfolio-main.service; enabled; preset: enabled)
     Active: active (running) since Sat 2026-03-07 17:39:52 UTC; 22min ago
   Main PID: 244806 (gunicorn)
      Tasks: 4 (limit: 1017)
     Memory: 151.6M (peak: 152.4M)
        CPU: 3.454s
     CGroup: /system.slice/portfolio-main.service
             ├─244806 /home/ubuntu/MyPortfolio/.venv/bin/python3 /home/ubuntu/MyPortfolio/.venv/bin/gunicorn --workers 3 --bind 127.0.0.1:8001 PortfolioMain.app:app
             ├─244810 /home/ubuntu/MyPortfolio/.venv/bin/python3 /home/ubuntu/MyPortfolio/.venv/bin/gunicorn --workers 3 --bind 127.0.0.1:8001 PortfolioMain.app:app
             ├─244812 /home/ubuntu/MyPortfolio/.venv/bin/python3 /home/ubuntu/MyPortfolio/.venv/bin/gunicorn --workers 3 --bind 127.0.0.1:8001 PortfolioMain.app:app
             └─244814 /home/ubuntu/MyPortfolio/.venv/bin/python3 /home/ubuntu/MyPortfolio/.venv/bin/gunicorn --workers 3 --bind 127.0.0.1:8001 PortfolioMain.app:app

Mar 07 17:39:52 ip-192-168-0-24 systemd[1]: Started portfolio-main.service - Gunicorn service for PortfolioMain Flask app.
Mar 07 17:39:52 ip-192-168-0-24 gunicorn[244806]: [2026-03-07 17:39:52 +0000] [244806] [INFO] Starting gunicorn 23.0.0
Mar 07 17:39:52 ip-192-168-0-24 gunicorn[244806]: [2026-03-07 17:39:52 +0000] [244806] [INFO] Listening at: http://127.0.0.1:8001 (244806)
Mar 07 17:39:52 ip-192-168-0-24 gunicorn[244806]: [2026-03-07 17:39:52 +0000] [244806] [INFO] Using worker: sync
Mar 07 17:39:52 ip-192-168-0-24 gunicorn[244810]: [2026-03-07 17:39:52 +0000] [244810] [INFO] Booting worker with pid: 244810
Mar 07 17:39:52 ip-192-168-0-24 gunicorn[244812]: [2026-03-07 17:39:52 +0000] [244812] [INFO] Booting worker with pid: 244812
Mar 07 17:39:52 ip-192-168-0-24 gunicorn[244814]: [2026-03-07 17:39:52 +0000] [244814] [INFO] Booting worker with pid: 244814
